Build started 8/13/2015 12:41:42 PM.
     1>Project "C:\Users\enduser\Desktop\Documents\Programming\LeetCode\003_longest_substring_without_repeating_characters\c++\003_longest_substring\003_longest_substring\003_longest_substring.vcxproj" on node 2 (Build target(s)).
     1>ClCompile:
         C:\Program Files (x86)\Microsoft Visual Studio 14.0\VC\bin\x86_amd64\CL.exe /c /ZI /nologo /W3 /WX- /Od /D _DEBUG /D _CONSOLE /D _UNICODE /D UNICODE /Gm /EHsc /RTC1 /MDd /GS /fp:precise /Zc:wchar_t /Zc:forScope /Zc:inline /Fo"x64\Debug\\" /Fd"x64\Debug\vc140.pdb" /Gd /TP /errorReport:prompt main.cpp solution.cpp
         solution.cpp
     1>c:\users\enduser\desktop\documents\programming\leetcode\003_longest_substring_without_repeating_characters\c++\003_longest_substring\003_longest_substring\solution.cpp(5): warning C4267: 'return': conversion from 'size_t' to 'int', possible loss of data
     1>c:\users\enduser\desktop\documents\programming\leetcode\003_longest_substring_without_repeating_characters\c++\003_longest_substring\003_longest_substring\solution.cpp(44): warning C4244: 'initializing': conversion from '__int64' to 'int', possible loss of data
     1>c:\users\enduser\desktop\documents\programming\leetcode\003_longest_substring_without_repeating_characters\c++\003_longest_substring\003_longest_substring\solution.cpp(45): warning C4244: 'initializing': conversion from '__int64' to 'int', possible loss of data
     1>c:\users\enduser\desktop\documents\programming\leetcode\003_longest_substring_without_repeating_characters\c++\003_longest_substring\003_longest_substring\solution.cpp(55): warning C4244: 'initializing': conversion from '__int64' to 'int', possible loss of data
     1>c:\users\enduser\desktop\documents\programming\leetcode\003_longest_substring_without_repeating_characters\c++\003_longest_substring\003_longest_substring\solution.cpp(56): warning C4244: 'initializing': conversion from '__int64' to 'int', possible loss of data
         Generating Code...
         Skipping... (no relevant changes detected)
         main.cpp
       Link:
         C:\Program Files (x86)\Microsoft Visual Studio 14.0\VC\bin\x86_amd64\link.exe /ERRORREPORT:PROMPT /OUT:"C:\Users\enduser\Desktop\Documents\Programming\LeetCode\003_longest_substring_without_repeating_characters\c++\003_longest_substring\x64\Debug\003_longest_substring.exe" /INCREMENTAL /NOLOGO kernel32.lib user32.lib gdi32.lib winspool.lib comdlg32.lib advapi32.lib shell32.lib ole32.lib oleaut32.lib uuid.lib odbc32.lib odbccp32.lib /MANIFEST /MANIFESTUAC:"level='asInvoker' uiAccess='false'" /manifest:embed /Debug /PDB:"C:\Users\enduser\Desktop\Documents\Programming\LeetCode\003_longest_substring_without_repeating_characters\c++\003_longest_substring\x64\Debug\003_longest_substring.pdb" /SUBSYSTEM:CONSOLE /TLBID:1 /DYNAMICBASE /NXCOMPAT /IMPLIB:"C:\Users\enduser\Desktop\Documents\Programming\LeetCode\003_longest_substring_without_repeating_characters\c++\003_longest_substring\x64\Debug\003_longest_substring.lib" /MACHINE:X64 x64\Debug\main.obj
         x64\Debug\solution.obj
         003_longest_substring.vcxproj -> C:\Users\enduser\Desktop\Documents\Programming\LeetCode\003_longest_substring_without_repeating_characters\c++\003_longest_substring\x64\Debug\003_longest_substring.exe
     1>Done Building Project "C:\Users\enduser\Desktop\Documents\Programming\LeetCode\003_longest_substring_without_repeating_characters\c++\003_longest_substring\003_longest_substring\003_longest_substring.vcxproj" (Build target(s)).

Build succeeded.

Time Elapsed 00:00:00.87
